This file contains any messages produced by compilers while
running configure, to aid debugging if configure makes a mistake.

It was created by configure, which was
generated by GNU Autoconf 2.59.  Invocation command line was

  $ ./configure --enable-maintainer-mode

## --------- ##
## Platform. ##
## --------- ##

hostname = divxplayer
uname -m = i686
uname -r = 2.6.16-1.2069_FC4
uname -s = Linux
uname -v = #1 Tue Mar 28 12:19:10 EST 2006

/usr/bin/uname -p = unknown
/bin/uname -X     = unknown

/bin/arch              = i686
/usr/bin/arch -k       = unknown
/usr/convex/getsysinfo = unknown
hostinfo               = unknown
/bin/machine           = unknown
/usr/bin/oslevel       = unknown
/bin/universe          = unknown

PATH: /usr/kerberos/bin
PATH: /usr/local/bin
PATH: /bin
PATH: /usr/bin
PATH: /usr/X11R6/bin
PATH: /home/adam/bin


## ----------- ##
## Core tests. ##
## ----------- ##

configure:1538: checking for a BSD-compatible install
configure:1593: result: /usr/bin/install -c
configure:1604: checking whether build environment is sane
configure:1647: result: yes
configure:1712: checking for gawk
configure:1728: found /bin/gawk
configure:1738: result: gawk
configure:1748: checking whether make sets $(MAKE)
configure:1768: result: yes
configure:1938: checking whether to enable maintainer-specific portions of Makefiles
configure:1947: result: yes
configure:1975: checking for style of include used by make
configure:2003: result: GNU
configure:2074: checking for gcc
configure:2090: found /usr/bin/gcc
configure:2100: result: gcc
configure:2344: checking for C compiler version
configure:2347: gcc --version </dev/null >&5
gcc (GCC) 4.0.2 20051125 (Red Hat 4.0.2-8)
Copyright (C) 2005 Free Software Foundation, Inc.
This is free software; see the source for copying conditions.  There is NO
warranty; not even for MERCHANTABILITY or FITNESS FOR A PARTICULAR PURPOSE.

configure:2350: $? = 0
configure:2352: gcc -v </dev/null >&5
Using built-in specs.
Target: i386-redhat-linux
Configured with: ../configure --prefix=/usr --mandir=/usr/share/man --infodir=/usr/share/info --enable-shared --enable-threads=posix --enable-checking=release --with-system-zlib --enable-__cxa_atexit --disable-libunwind-exceptions --enable-libgcj-multifile --enable-languages=c,c++,objc,java,f95,ada --enable-java-awt=gtk --with-java-home=/usr/lib/jvm/java-1.4.2-gcj-1.4.2.0/jre --host=i386-redhat-linux
Thread model: posix
gcc version 4.0.2 20051125 (Red Hat 4.0.2-8)
configure:2355: $? = 0
configure:2357: gcc -V </dev/null >&5
gcc: '-V' option must have argument
configure:2360: $? = 1
configure:2383: checking for C compiler default output file name
configure:2386: gcc    conftest.c  >&5
configure:2389: $? = 0
configure:2435: result: a.out
configure:2440: checking whether the C compiler works
configure:2446: ./a.out
configure:2449: $? = 0
configure:2466: result: yes
configure:2473: checking whether we are cross compiling
configure:2475: result: no
configure:2478: checking for suffix of executables
configure:2480: gcc -o conftest    conftest.c  >&5
configure:2483: $? = 0
configure:2508: result: 
configure:2514: checking for suffix of object files
configure:2535: gcc -c   conftest.c >&5
configure:2538: $? = 0
configure:2560: result: o
configure:2564: checking whether we are using the GNU C compiler
configure:2588: gcc -c   conftest.c >&5
configure:2594: $? = 0
configure:2598: test -z 
			 || test ! -s conftest.err
configure:2601: $? = 0
configure:2604: test -s conftest.o
configure:2607: $? = 0
configure:2620: result: yes
configure:2626: checking whether gcc accepts -g
configure:2647: gcc -c -g  conftest.c >&5
configure:2653: $? = 0
configure:2657: test -z 
			 || test ! -s conftest.err
configure:2660: $? = 0
configure:2663: test -s conftest.o
configure:2666: $? = 0
configure:2677: result: yes
configure:2694: checking for gcc option to accept ANSI C
configure:2764: gcc  -c -g -O2  conftest.c >&5
configure:2770: $? = 0
configure:2774: test -z 
			 || test ! -s conftest.err
configure:2777: $? = 0
configure:2780: test -s conftest.o
configure:2783: $? = 0
configure:2801: result: none needed
configure:2819: gcc -c -g -O2  conftest.c >&5
conftest.c:2: error: syntax error before 'me'
configure:2825: $? = 1
configure: failed program was:
| #ifndef __cplusplus
|   choke me
| #endif
configure:2960: checking dependency style of gcc
configure:3050: result: gcc3
configure:3068: checking for library containing strerror
configure:3098: gcc -o conftest -g -O2   conftest.c  >&5
configure:3104: $? = 0
configure:3108: test -z 
			 || test ! -s conftest.err
configure:3111: $? = 0
configure:3114: test -s conftest
configure:3117: $? = 0
configure:3187: result: none required
configure:3240: checking for gcc
configure:3266: result: gcc
configure:3510: checking for C compiler version
configure:3513: gcc --version </dev/null >&5
gcc (GCC) 4.0.2 20051125 (Red Hat 4.0.2-8)
Copyright (C) 2005 Free Software Foundation, Inc.
This is free software; see the source for copying conditions.  There is NO
warranty; not even for MERCHANTABILITY or FITNESS FOR A PARTICULAR PURPOSE.

configure:3516: $? = 0
configure:3518: gcc -v </dev/null >&5
Using built-in specs.
Target: i386-redhat-linux
Configured with: ../configure --prefix=/usr --mandir=/usr/share/man --infodir=/usr/share/info --enable-shared --enable-threads=posix --enable-checking=release --with-system-zlib --enable-__cxa_atexit --disable-libunwind-exceptions --enable-libgcj-multifile --enable-languages=c,c++,objc,java,f95,ada --enable-java-awt=gtk --with-java-home=/usr/lib/jvm/java-1.4.2-gcj-1.4.2.0/jre --host=i386-redhat-linux
Thread model: posix
gcc version 4.0.2 20051125 (Red Hat 4.0.2-8)
configure:3521: $? = 0
configure:3523: gcc -V </dev/null >&5
gcc: '-V' option must have argument
configure:3526: $? = 1
configure:3529: checking whether we are using the GNU C compiler
configure:3585: result: yes
configure:3591: checking whether gcc accepts -g
configure:3642: result: yes
configure:3659: checking for gcc option to accept ANSI C
configure:3766: result: none needed
configure:3784: gcc -c -g -O2  conftest.c >&5
conftest.c:2: error: syntax error before 'me'
configure:3790: $? = 1
configure: failed program was:
| #ifndef __cplusplus
|   choke me
| #endif
configure:3925: checking dependency style of gcc
configure:4015: result: gcc3
configure:4078: checking for gcc
configure:4104: result: gcc
configure:4348: checking for C compiler version
configure:4351: gcc --version </dev/null >&5
gcc (GCC) 4.0.2 20051125 (Red Hat 4.0.2-8)
Copyright (C) 2005 Free Software Foundation, Inc.
This is free software; see the source for copying conditions.  There is NO
warranty; not even for MERCHANTABILITY or FITNESS FOR A PARTICULAR PURPOSE.

configure:4354: $? = 0
configure:4356: gcc -v </dev/null >&5
Using built-in specs.
Target: i386-redhat-linux
Configured with: ../configure --prefix=/usr --mandir=/usr/share/man --infodir=/usr/share/info --enable-shared --enable-threads=posix --enable-checking=release --with-system-zlib --enable-__cxa_atexit --disable-libunwind-exceptions --enable-libgcj-multifile --enable-languages=c,c++,objc,java,f95,ada --enable-java-awt=gtk --with-java-home=/usr/lib/jvm/java-1.4.2-gcj-1.4.2.0/jre --host=i386-redhat-linux
Thread model: posix
gcc version 4.0.2 20051125 (Red Hat 4.0.2-8)
configure:4359: $? = 0
configure:4361: gcc -V </dev/null >&5
gcc: '-V' option must have argument
configure:4364: $? = 1
configure:4367: checking whether we are using the GNU C compiler
configure:4423: result: yes
configure:4429: checking whether gcc accepts -g
configure:4480: result: yes
configure:4497: checking for gcc option to accept ANSI C
configure:4604: result: none needed
configure:4622: gcc -c -g -O2  conftest.c >&5
conftest.c:2: error: syntax error before 'me'
configure:4628: $? = 1
configure: failed program was:
| #ifndef __cplusplus
|   choke me
| #endif
configure:4763: checking dependency style of gcc
configure:4853: result: gcc3
configure:4878: checking how to run the C preprocessor
configure:4913: gcc -E  conftest.c
configure:4919: $? = 0
configure:4951: gcc -E  conftest.c
conftest.c:11:28: error: ac_nonexistent.h: No such file or directory
configure:4957: $? = 1
configure: failed program was:
| /* confdefs.h.  */
| 
| #define PACKAGE_NAME ""
| #define PACKAGE_TARNAME ""
| #define PACKAGE_VERSION ""
| #define PACKAGE_STRING ""
| #define PACKAGE_BUGREPORT ""
| #define PACKAGE "DVBStreamer"
| #define VERSION "0.1"
| /* end confdefs.h.  */
| #include <ac_nonexistent.h>
configure:4996: result: gcc -E
configure:5020: gcc -E  conftest.c
configure:5026: $? = 0
configure:5058: gcc -E  conftest.c
conftest.c:11:28: error: ac_nonexistent.h: No such file or directory
configure:5064: $? = 1
configure: failed program was:
| /* confdefs.h.  */
| 
| #define PACKAGE_NAME ""
| #define PACKAGE_TARNAME ""
| #define PACKAGE_VERSION ""
| #define PACKAGE_STRING ""
| #define PACKAGE_BUGREPORT ""
| #define PACKAGE "DVBStreamer"
| #define VERSION "0.1"
| /* end confdefs.h.  */
| #include <ac_nonexistent.h>
configure:5108: checking for egrep
configure:5118: result: grep -E
configure:5123: checking for ANSI C header files
configure:5148: gcc -c -g -O2  conftest.c >&5
configure:5154: $? = 0
configure:5158: test -z 
			 || test ! -s conftest.err
configure:5161: $? = 0
configure:5164: test -s conftest.o
configure:5167: $? = 0
configure:5256: gcc -o conftest -g -O2   conftest.c  >&5
conftest.c: In function 'main':
conftest.c:28: warning: incompatible implicit declaration of built-in function 'exit'
configure:5259: $? = 0
configure:5261: ./conftest
configure:5264: $? = 0
configure:5279: result: yes
configure:5368: checking build system type
configure:5386: result: i686-redhat-linux-gnu
configure:5394: checking host system type
configure:5408: result: i686-redhat-linux-gnu
configure:5416: checking for a sed that does not truncate output
configure:5470: result: /bin/sed
configure:5484: checking for ld used by gcc
configure:5551: result: /usr/bin/ld
configure:5560: checking if the linker (/usr/bin/ld) is GNU ld
configure:5575: result: yes
configure:5580: checking for /usr/bin/ld option to reload object files
configure:5587: result: -r
configure:5605: checking for BSD-compatible nm
configure:5647: result: /usr/bin/nm -B
configure:5651: checking whether ln -s works
configure:5655: result: yes
configure:5662: checking how to recognise dependent libraries
configure:5834: result: pass_all
configure:6056: checking for sys/types.h
configure:6072: gcc -c -g -O2  conftest.c >&5
configure:6078: $? = 0
configure:6082: test -z 
			 || test ! -s conftest.err
configure:6085: $? = 0
configure:6088: test -s conftest.o
configure:6091: $? = 0
configure:6102: result: yes
configure:6056: checking for sys/stat.h
configure:6072: gcc -c -g -O2  conftest.c >&5
configure:6078: $? = 0
configure:6082: test -z 
			 || test ! -s conftest.err
configure:6085: $? = 0
configure:6088: test -s conftest.o
configure:6091: $? = 0
configure:6102: result: yes
configure:6056: checking for stdlib.h
configure:6072: gcc -c -g -O2  conftest.c >&5
configure:6078: $? = 0
configure:6082: test -z 
			 || test ! -s conftest.err
configure:6085: $? = 0
configure:6088: test -s conftest.o
configure:6091: $? = 0
configure:6102: result: yes
configure:6056: checking for string.h
configure:6072: gcc -c -g -O2  conftest.c >&5
configure:6078: $? = 0
configure:6082: test -z 
			 || test ! -s conftest.err
configure:6085: $? = 0
configure:6088: test -s conftest.o
configure:6091: $? = 0
configure:6102: result: yes
configure:6056: checking for memory.h
configure:6072: gcc -c -g -O2  conftest.c >&5
configure:6078: $? = 0
configure:6082: test -z 
			 || test ! -s conftest.err
configure:6085: $? = 0
configure:6088: test -s conftest.o
configure:6091: $? = 0
configure:6102: result: yes
configure:6056: checking for strings.h
configure:6072: gcc -c -g -O2  conftest.c >&5
configure:6078: $? = 0
configure:6082: test -z 
			 || test ! -s conftest.err
configure:6085: $? = 0
configure:6088: test -s conftest.o
configure:6091: $? = 0
configure:6102: result: yes
configure:6056: checking for inttypes.h
configure:6072: gcc -c -g -O2  conftest.c >&5
configure:6078: $? = 0
configure:6082: test -z 
			 || test ! -s conftest.err
configure:6085: $? = 0
configure:6088: test -s conftest.o
configure:6091: $? = 0
configure:6102: result: yes
configure:6056: checking for stdint.h
configure:6072: gcc -c -g -O2  conftest.c >&5
configure:6078: $? = 0
configure:6082: test -z 
			 || test ! -s conftest.err
configure:6085: $? = 0
configure:6088: test -s conftest.o
configure:6091: $? = 0
configure:6102: result: yes
configure:6056: checking for unistd.h
configure:6072: gcc -c -g -O2  conftest.c >&5
configure:6078: $? = 0
configure:6082: test -z 
			 || test ! -s conftest.err
configure:6085: $? = 0
configure:6088: test -s conftest.o
configure:6091: $? = 0
configure:6102: result: yes
configure:6128: checking dlfcn.h usability
configure:6140: gcc -c -g -O2  conftest.c >&5
configure:6146: $? = 0
configure:6150: test -z 
			 || test ! -s conftest.err
configure:6153: $? = 0
configure:6156: test -s conftest.o
configure:6159: $? = 0
configure:6169: result: yes
configure:6173: checking dlfcn.h presence
configure:6183: gcc -E  conftest.c
configure:6189: $? = 0
configure:6209: result: yes
configure:6244: checking for dlfcn.h
configure:6251: result: yes
configure:6316: checking for g++
configure:6332: found /usr/bin/g++
configure:6342: result: g++
configure:6358: checking for C++ compiler version
configure:6361: g++ --version </dev/null >&5
g++ (GCC) 4.0.2 20051125 (Red Hat 4.0.2-8)
Copyright (C) 2005 Free Software Foundation, Inc.
This is free software; see the source for copying conditions.  There is NO
warranty; not even for MERCHANTABILITY or FITNESS FOR A PARTICULAR PURPOSE.

configure:6364: $? = 0
configure:6366: g++ -v </dev/null >&5
Using built-in specs.
Target: i386-redhat-linux
Configured with: ../configure --prefix=/usr --mandir=/usr/share/man --infodir=/usr/share/info --enable-shared --enable-threads=posix --enable-checking=release --with-system-zlib --enable-__cxa_atexit --disable-libunwind-exceptions --enable-libgcj-multifile --enable-languages=c,c++,objc,java,f95,ada --enable-java-awt=gtk --with-java-home=/usr/lib/jvm/java-1.4.2-gcj-1.4.2.0/jre --host=i386-redhat-linux
Thread model: posix
gcc version 4.0.2 20051125 (Red Hat 4.0.2-8)
configure:6369: $? = 0
configure:6371: g++ -V </dev/null >&5
g++: '-V' option must have argument
configure:6374: $? = 1
configure:6377: checking whether we are using the GNU C++ compiler
configure:6401: g++ -c   conftest.cc >&5
configure:6407: $? = 0
configure:6411: test -z 
			 || test ! -s conftest.err
configure:6414: $? = 0
configure:6417: test -s conftest.o
configure:6420: $? = 0
configure:6433: result: yes
configure:6439: checking whether g++ accepts -g
configure:6460: g++ -c -g  conftest.cc >&5
configure:6466: $? = 0
configure:6470: test -z 
			 || test ! -s conftest.err
configure:6473: $? = 0
configure:6476: test -s conftest.o
configure:6479: $? = 0
configure:6490: result: yes
configure:6532: g++ -c -g -O2  conftest.cc >&5
configure:6538: $? = 0
configure:6542: test -z 
			 || test ! -s conftest.err
configure:6545: $? = 0
configure:6548: test -s conftest.o
configure:6551: $? = 0
configure:6577: g++ -c -g -O2  conftest.cc >&5
conftest.cc: In function 'int main()':
conftest.cc:26: error: 'exit' was not declared in this scope
configure:6583: $? = 1
configure: failed program was:
| /* confdefs.h.  */
| 
| #define PACKAGE_NAME ""
| #define PACKAGE_TARNAME ""
| #define PACKAGE_VERSION ""
| #define PACKAGE_STRING ""
| #define PACKAGE_BUGREPORT ""
| #define PACKAGE "DVBStreamer"
| #define VERSION "0.1"
| #define STDC_HEADERS 1
| #define HAVE_SYS_TYPES_H 1
| #define HAVE_SYS_STAT_H 1
| #define HAVE_STDLIB_H 1
| #define HAVE_STRING_H 1
| #define HAVE_MEMORY_H 1
| #define HAVE_STRINGS_H 1
| #define HAVE_INTTYPES_H 1
| #define HAVE_STDINT_H 1
| #define HAVE_UNISTD_H 1
| #define HAVE_DLFCN_H 1
| /* end confdefs.h.  */
| 
| int
| main ()
| {
| exit (42);
|   ;
|   return 0;
| }
configure:6532: g++ -c -g -O2  conftest.cc >&5
configure:6538: $? = 0
configure:6542: test -z 
			 || test ! -s conftest.err
configure:6545: $? = 0
configure:6548: test -s conftest.o
configure:6551: $? = 0
configure:6577: g++ -c -g -O2  conftest.cc >&5
configure:6583: $? = 0
configure:6587: test -z 
			 || test ! -s conftest.err
configure:6590: $? = 0
configure:6593: test -s conftest.o
configure:6596: $? = 0
configure:6621: checking dependency style of g++
configure:6711: result: gcc3
configure:6738: checking how to run the C++ preprocessor
configure:6769: g++ -E  conftest.cc
configure:6775: $? = 0
configure:6807: g++ -E  conftest.cc
conftest.cc:25:28: error: ac_nonexistent.h: No such file or directory
configure:6813: $? = 1
configure: failed program was:
| /* confdefs.h.  */
| 
| #define PACKAGE_NAME ""
| #define PACKAGE_TARNAME ""
| #define PACKAGE_VERSION ""
| #define PACKAGE_STRING ""
| #define PACKAGE_BUGREPORT ""
| #define PACKAGE "DVBStreamer"
| #define VERSION "0.1"
| #define STDC_HEADERS 1
| #define HAVE_SYS_TYPES_H 1
| #define HAVE_SYS_STAT_H 1
| #define HAVE_STDLIB_H 1
| #define HAVE_STRING_H 1
| #define HAVE_MEMORY_H 1
| #define HAVE_STRINGS_H 1
| #define HAVE_INTTYPES_H 1
| #define HAVE_STDINT_H 1
| #define HAVE_UNISTD_H 1
| #define HAVE_DLFCN_H 1
| #ifdef __cplusplus
| extern "C" void std::exit (int) throw (); using std::exit;
| #endif
| /* end confdefs.h.  */
| #include <ac_nonexistent.h>
configure:6852: result: g++ -E
configure:6876: g++ -E  conftest.cc
configure:6882: $? = 0
configure:6914: g++ -E  conftest.cc
conftest.cc:25:28: error: ac_nonexistent.h: No such file or directory
configure:6920: $? = 1
configure: failed program was:
| /* confdefs.h.  */
| 
| #define PACKAGE_NAME ""
| #define PACKAGE_TARNAME ""
| #define PACKAGE_VERSION ""
| #define PACKAGE_STRING ""
| #define PACKAGE_BUGREPORT ""
| #define PACKAGE "DVBStreamer"
| #define VERSION "0.1"
| #define STDC_HEADERS 1
| #define HAVE_SYS_TYPES_H 1
| #define HAVE_SYS_STAT_H 1
| #define HAVE_STDLIB_H 1
| #define HAVE_STRING_H 1
| #define HAVE_MEMORY_H 1
| #define HAVE_STRINGS_H 1
| #define HAVE_INTTYPES_H 1
| #define HAVE_STDINT_H 1
| #define HAVE_UNISTD_H 1
| #define HAVE_DLFCN_H 1
| #ifdef __cplusplus
| extern "C" void std::exit (int) throw (); using std::exit;
| #endif
| /* end confdefs.h.  */
| #include <ac_nonexistent.h>
configure:7017: checking for g77
configure:7046: result: no
configure:7017: checking for f77
configure:7046: result: no
configure:7017: checking for xlf
configure:7046: result: no
configure:7017: checking for frt
configure:7046: result: no
configure:7017: checking for pgf77
configure:7046: result: no
configure:7017: checking for fort77
configure:7046: result: no
configure:7017: checking for fl32
configure:7046: result: no
configure:7017: checking for af77
configure:7046: result: no
configure:7017: checking for f90
configure:7046: result: no
configure:7017: checking for xlf90
configure:7046: result: no
configure:7017: checking for pgf90
configure:7046: result: no
configure:7017: checking for epcf90
configure:7046: result: no
configure:7017: checking for f95
configure:7046: result: no
configure:7017: checking for fort
configure:7046: result: no
configure:7017: checking for xlf95
configure:7046: result: no
configure:7017: checking for ifc
configure:7046: result: no
configure:7017: checking for efc
configure:7046: result: no
configure:7017: checking for pgf95
configure:7046: result: no
configure:7017: checking for lf95
configure:7046: result: no
configure:7017: checking for gfortran
configure:7046: result: no
configure:7058: checking for Fortran 77 compiler version
configure:7061:  --version </dev/null >&5
./configure: line 7062: --version: command not found
configure:7064: $? = 127
configure:7066:  -v </dev/null >&5
./configure: line 7067: -v: command not found
configure:7069: $? = 127
configure:7071:  -V </dev/null >&5
./configure: line 7072: -V: command not found
configure:7074: $? = 127
configure:7082: checking whether we are using the GNU Fortran 77 compiler
configure:7096:  -c  conftest.F >&5
./configure: line 7097: -c: command not found
configure:7102: $? = 127
configure: failed program was:
|       program main
| #ifndef __GNUC__
|        choke me
| #endif
| 
|       end
configure:7128: result: no
configure:7134: checking whether  accepts -g
configure:7146:  -c -g conftest.f >&5
./configure: line 7147: -c: command not found
configure:7152: $? = 127
configure: failed program was:
|       program main
| 
|       end
configure:7177: result: no
configure:7207: checking the maximum length of command line arguments
configure:7299: result: 32768
configure:7310: checking command to parse /usr/bin/nm -B output from gcc object
configure:7406: gcc -c -g -O2  conftest.c >&5
configure:7409: $? = 0
configure:7413: /usr/bin/nm -B conftest.o \| sed -n -e 's/^.*[ 	]\([ABCDGIRSTW][ABCDGIRSTW]*\)[ 	][ 	]*\([_A-Za-z][_A-Za-z0-9]*\)$/\1 \2 \2/p' \> conftest.nm
configure:7416: $? = 0
configure:7468: gcc -o conftest -g -O2   conftest.c conftstm.o >&5
configure:7471: $? = 0
configure:7509: result: ok
configure:7513: checking for objdir
configure:7528: result: .libs
configure:7618: checking for ar
configure:7634: found /usr/bin/ar
configure:7645: result: ar
configure:7698: checking for ranlib
configure:7714: found /usr/bin/ranlib
configure:7725: result: ranlib
configure:7778: checking for strip
configure:7794: found /usr/bin/strip
configure:7805: result: strip
configure:8092: checking if gcc static flag  works
configure:8120: result: yes
configure:8138: checking if gcc supports -fno-rtti -fno-exceptions
configure:8156: gcc -c -g -O2  -fno-rtti -fno-exceptions conftest.c >&5
cc1: warning: command line option "-fno-rtti" is valid for C++/ObjC++ but not for C
configure:8160: $? = 0
configure:8173: result: no
configure:8188: checking for gcc option to produce PIC
configure:8392: result: -fPIC
configure:8400: checking if gcc PIC flag -fPIC works
configure:8418: gcc -c -g -O2  -fPIC -DPIC conftest.c >&5
configure:8422: $? = 0
configure:8435: result: yes
configure:8459: checking if gcc supports -c -o file.o
configure:8480: gcc -c -g -O2  -o out/conftest2.o conftest.c >&5
configure:8484: $? = 0
configure:8506: result: yes
configure:8532: checking whether the gcc linker (/usr/bin/ld) supports shared libraries
configure:9427: result: yes
configure:9453: checking whether -lc should be explicitly linked in
configure:9458: gcc -c -g -O2  conftest.c >&5
configure:9461: $? = 0
configure:9475: gcc -shared conftest.o  -v -Wl,-soname -Wl,conftest -o conftest 2\>\&1 \| grep  -lc  \>/dev/null 2\>\&1
configure:9478: $? = 0
configure:9490: result: no
configure:9498: checking dynamic linker characteristics
configure:10061: result: GNU/Linux ld.so
configure:10065: checking how to hardcode library paths into programs
configure:10090: result: immediate
configure:10104: checking whether stripping libraries is possible
configure:10109: result: yes
configure:10939: checking if libtool supports shared libraries
configure:10941: result: yes
configure:10944: checking whether to build shared libraries
configure:10965: result: yes
configure:10968: checking whether to build static libraries
configure:10972: result: yes
configure:11064: creating libtool
configure:11642: checking for ld used by g++
configure:11709: result: /usr/bin/ld
configure:11718: checking if the linker (/usr/bin/ld) is GNU ld
configure:11733: result: yes
configure:11784: checking whether the g++ linker (/usr/bin/ld) supports shared libraries
configure:12671: result: yes
configure:12689: g++ -c -g -O2  conftest.cc >&5
configure:12692: $? = 0
configure:12788: checking for g++ option to produce PIC
configure:13056: result: -fPIC
configure:13064: checking if g++ PIC flag -fPIC works
configure:13082: g++ -c -g -O2  -fPIC -DPIC conftest.cc >&5
configure:13086: $? = 0
configure:13099: result: yes
configure:13123: checking if g++ supports -c -o file.o
configure:13144: g++ -c -g -O2  -o out/conftest2.o conftest.cc >&5
configure:13148: $? = 0
configure:13170: result: yes
configure:13196: checking whether the g++ linker (/usr/bin/ld) supports shared libraries
configure:13221: result: yes
configure:13292: checking dynamic linker characteristics
configure:13855: result: GNU/Linux ld.so
configure:13859: checking how to hardcode library paths into programs
configure:13884: result: immediate
configure:13898: checking whether stripping libraries is possible
configure:13903: result: yes
configure:21648: creating ./config.status

## ---------------------- ##
## Running config.status. ##
## ---------------------- ##

This file was extended by config.status, which was
generated by GNU Autoconf 2.59.  Invocation command line was

  CONFIG_FILES    = 
  CONFIG_HEADERS  = 
  CONFIG_LINKS    = 
  CONFIG_COMMANDS = 
  $ ./config.status 

on divxplayer

config.status:729: creating Makefile
config.status:729: creating include/Makefile
config.status:729: creating src/Makefile
config.status:833: creating config.h
config.status:953: config.h is unchanged
config.status:1133: executing depfiles commands

## ---------------- ##
## Cache variables. ##
## ---------------- ##

ac_cv_build=i686-redhat-linux-gnu
ac_cv_build_alias=i686-redhat-linux-gnu
ac_cv_c_compiler_gnu=yes
ac_cv_cxx_compiler_gnu=yes
ac_cv_env_CC_set=
ac_cv_env_CC_value=
ac_cv_env_CFLAGS_set=
ac_cv_env_CFLAGS_value=
ac_cv_env_CPPFLAGS_set=
ac_cv_env_CPPFLAGS_value=
ac_cv_env_CPP_set=
ac_cv_env_CPP_value=
ac_cv_env_CXXCPP_set=
ac_cv_env_CXXCPP_value=
ac_cv_env_CXXFLAGS_set=
ac_cv_env_CXXFLAGS_value=
ac_cv_env_CXX_set=
ac_cv_env_CXX_value=
ac_cv_env_F77_set=
ac_cv_env_F77_value=
ac_cv_env_FFLAGS_set=
ac_cv_env_FFLAGS_value=
ac_cv_env_LDFLAGS_set=
ac_cv_env_LDFLAGS_value=
ac_cv_env_build_alias_set=
ac_cv_env_build_alias_value=
ac_cv_env_host_alias_set=
ac_cv_env_host_alias_value=
ac_cv_env_target_alias_set=
ac_cv_env_target_alias_value=
ac_cv_exeext=
ac_cv_f77_compiler_gnu=no
ac_cv_header_dlfcn_h=yes
ac_cv_header_inttypes_h=yes
ac_cv_header_memory_h=yes
ac_cv_header_stdc=yes
ac_cv_header_stdint_h=yes
ac_cv_header_stdlib_h=yes
ac_cv_header_string_h=yes
ac_cv_header_strings_h=yes
ac_cv_header_sys_stat_h=yes
ac_cv_header_sys_types_h=yes
ac_cv_header_unistd_h=yes
ac_cv_host=i686-redhat-linux-gnu
ac_cv_host_alias=i686-redhat-linux-gnu
ac_cv_objext=o
ac_cv_path_install='/usr/bin/install -c'
ac_cv_prog_AWK=gawk
ac_cv_prog_CPP='gcc -E'
ac_cv_prog_CXXCPP='g++ -E'
ac_cv_prog_ac_ct_AR=ar
ac_cv_prog_ac_ct_CC=gcc
ac_cv_prog_ac_ct_CXX=g++
ac_cv_prog_ac_ct_RANLIB=ranlib
ac_cv_prog_ac_ct_STRIP=strip
ac_cv_prog_cc_g=yes
ac_cv_prog_cc_stdc=
ac_cv_prog_cxx_g=yes
ac_cv_prog_egrep='grep -E'
ac_cv_prog_f77_g=no
ac_cv_prog_make_make_set=yes
ac_cv_search_strerror='none required'
am_cv_CC_dependencies_compiler_type=gcc3
am_cv_CXX_dependencies_compiler_type=gcc3
am_cv_prog_cc_stdc=
lt_cv_deplibs_check_method=pass_all
lt_cv_file_magic_cmd='$MAGIC_CMD'
lt_cv_file_magic_test_file=
lt_cv_ld_reload_flag=-r
lt_cv_objdir=.libs
lt_cv_path_LD=/usr/bin/ld
lt_cv_path_LDCXX=/usr/bin/ld
lt_cv_path_NM='/usr/bin/nm -B'
lt_cv_path_SED=/bin/sed
lt_cv_prog_compiler_c_o=yes
lt_cv_prog_compiler_c_o_CXX=yes
lt_cv_prog_compiler_rtti_exceptions=no
lt_cv_prog_gnu_ld=yes
lt_cv_prog_gnu_ldcxx=yes
lt_cv_sys_global_symbol_pipe='sed -n -e '\''s/^.*[ 	]\([ABCDGIRSTW][ABCDGIRSTW]*\)[ 	][ 	]*\([_A-Za-z][_A-Za-z0-9]*\)$/\1 \2 \2/p'\'''
lt_cv_sys_global_symbol_to_c_name_address='sed -n -e '\''s/^: \([^ ]*\) $/  {\"\1\", (lt_ptr) 0},/p'\'' -e '\''s/^[BCDEGRST] \([^ ]*\) \([^ ]*\)$/  {"\2", (lt_ptr) \&\2},/p'\'''
lt_cv_sys_global_symbol_to_cdecl='sed -n -e '\''s/^. .* \(.*\)$/extern int \1;/p'\'''
lt_cv_sys_max_cmd_len=32768
lt_lt_cv_prog_compiler_c_o='"yes"'
lt_lt_cv_prog_compiler_c_o_CXX='"yes"'
lt_lt_cv_sys_global_symbol_pipe='"sed -n -e '\''s/^.*[ 	]\\([ABCDGIRSTW][ABCDGIRSTW]*\\)[ 	][ 	]*\\([_A-Za-z][_A-Za-z0-9]*\\)\$/\\1 \\2 \\2/p'\''"'
lt_lt_cv_sys_global_symbol_to_c_name_address='"sed -n -e '\''s/^: \\([^ ]*\\) \$/  {\\\"\\1\\\", (lt_ptr) 0},/p'\'' -e '\''s/^[BCDEGRST] \\([^ ]*\\) \\([^ ]*\\)\$/  {\"\\2\", (lt_ptr) \\&\\2},/p'\''"'
lt_lt_cv_sys_global_symbol_to_cdecl='"sed -n -e '\''s/^. .* \\(.*\\)\$/extern int \\1;/p'\''"'

## ----------------- ##
## Output variables. ##
## ----------------- ##

ACLOCAL='${SHELL} /home/adam/Projects/DVBStreamer/missing --run aclocal-1.9'
AMDEPBACKSLASH='\'
AMDEP_FALSE='#'
AMDEP_TRUE=''
AMTAR='${SHELL} /home/adam/Projects/DVBStreamer/missing --run tar'
AR='ar'
AUTOCONF='${SHELL} /home/adam/Projects/DVBStreamer/missing --run autoconf'
AUTOHEADER='${SHELL} /home/adam/Projects/DVBStreamer/missing --run autoheader'
AUTOMAKE='${SHELL} /home/adam/Projects/DVBStreamer/missing --run automake-1.9'
AWK='gawk'
CC='gcc'
CCDEPMODE='depmode=gcc3'
CFLAGS='-g -O2'
CPP='gcc -E'
CPPFLAGS=''
CXX='g++'
CXXCPP='g++ -E'
CXXDEPMODE='depmode=gcc3'
CXXFLAGS='-g -O2'
CYGPATH_W='echo'
DEFS='-DHAVE_CONFIG_H'
DEPDIR='.deps'
ECHO='echo'
ECHO_C=''
ECHO_N='-n'
ECHO_T=''
EGREP='grep -E'
EXEEXT=''
F77=''
FFLAGS=''
INSTALL_DATA='${INSTALL} -m 644'
INSTALL_PROGRAM='${INSTALL}'
INSTALL_SCRIPT='${INSTALL}'
INSTALL_STRIP_PROGRAM='${SHELL} $(install_sh) -c -s'
LDFLAGS=''
LIBOBJS=''
LIBS=''
LIBTOOL='$(SHELL) $(top_builddir)/libtool'
LN_S='ln -s'
LTLIBOBJS=''
MAINT=''
MAINTAINER_MODE_FALSE='#'
MAINTAINER_MODE_TRUE=''
MAKEINFO='${SHELL} /home/adam/Projects/DVBStreamer/missing --run makeinfo'
NO_PREFIX_PACKAGE_DATA_DIR='share'
NO_PREFIX_PACKAGE_DOC_DIR='doc/DVBStreamer'
NO_PREFIX_PACKAGE_HELP_DIR='share/help'
NO_PREFIX_PACKAGE_MENU_DIR='share'
NO_PREFIX_PACKAGE_PIXMAPS_DIR='share/pixmaps'
OBJEXT='o'
PACKAGE='DVBStreamer'
PACKAGE_BUGREPORT=''
PACKAGE_DATA_DIR='/usr/local/share'
PACKAGE_DOC_DIR='/usr/local/doc/DVBStreamer'
PACKAGE_HELP_DIR='/usr/local/share/help'
PACKAGE_MENU_DIR='/usr/local/share'
PACKAGE_NAME=''
PACKAGE_PIXMAPS_DIR='/usr/local/share/pixmaps'
PACKAGE_STRING=''
PACKAGE_TARNAME=''
PACKAGE_VERSION=''
PATH_SEPARATOR=':'
RANLIB='ranlib'
SET_MAKE=''
SHELL='/bin/sh'
STRIP='strip'
VERSION='0.1'
ac_ct_AR='ar'
ac_ct_CC='gcc'
ac_ct_CXX='g++'
ac_ct_F77=''
ac_ct_RANLIB='ranlib'
ac_ct_STRIP='strip'
am__fastdepCC_FALSE='#'
am__fastdepCC_TRUE=''
am__fastdepCXX_FALSE='#'
am__fastdepCXX_TRUE=''
am__include='include'
am__leading_dot='.'
am__quote=''
am__tar='${AMTAR} chof - "$$tardir"'
am__untar='${AMTAR} xf -'
bindir='${exec_prefix}/bin'
build='i686-redhat-linux-gnu'
build_alias=''
build_cpu='i686'
build_os='linux-gnu'
build_vendor='redhat'
datadir='${prefix}/share'
exec_prefix='${prefix}'
host='i686-redhat-linux-gnu'
host_alias=''
host_cpu='i686'
host_os='linux-gnu'
host_vendor='redhat'
includedir='${prefix}/include'
infodir='${prefix}/info'
install_sh='/home/adam/Projects/DVBStreamer/install-sh'
libdir='${exec_prefix}/lib'
libexecdir='${exec_prefix}/libexec'
localstatedir='${prefix}/var'
mandir='${prefix}/man'
mkdir_p='mkdir -p --'
oldincludedir='/usr/include'
prefix='/usr/local'
program_transform_name='s,x,x,'
sbindir='${exec_prefix}/sbin'
sharedstatedir='${prefix}/com'
sysconfdir='${prefix}/etc'
target_alias=''

## ----------- ##
## confdefs.h. ##
## ----------- ##

#define HAVE_DLFCN_H 1
#define HAVE_INTTYPES_H 1
#define HAVE_MEMORY_H 1
#define HAVE_STDINT_H 1
#define HAVE_STDLIB_H 1
#define HAVE_STRINGS_H 1
#define HAVE_STRING_H 1
#define HAVE_SYS_STAT_H 1
#define HAVE_SYS_TYPES_H 1
#define HAVE_UNISTD_H 1
#define PACKAGE "DVBStreamer"
#define PACKAGE_BUGREPORT ""
#define PACKAGE_DATA_DIR "/usr/local/share"
#define PACKAGE_DOC_DIR "/usr/local/doc/DVBStreamer"
#define PACKAGE_HELP_DIR "/usr/local/share/help"
#define PACKAGE_MENU_DIR "/usr/local/share"
#define PACKAGE_NAME ""
#define PACKAGE_PIXMAPS_DIR "/usr/local/share/pixmaps"
#define PACKAGE_SOURCE_DIR "/home/adam/Projects/DVBStreamer"
#define PACKAGE_STRING ""
#define PACKAGE_TARNAME ""
#define PACKAGE_VERSION ""
#define STDC_HEADERS 1
#define VERSION "0.1"
#endif
#ifdef __cplusplus
extern "C" void std::exit (int) throw (); using std::exit;

configure: exit 0

## ---------------------- ##
## Running config.status. ##
## ---------------------- ##

This file was extended by config.status, which was
generated by GNU Autoconf 2.59.  Invocation command line was

  CONFIG_FILES    = 
  CONFIG_HEADERS  = 
  CONFIG_LINKS    = 
  CONFIG_COMMANDS = 
  $ ./config.status 

on boris

config.status:729: creating Makefile
config.status:729: creating include/Makefile
config.status:729: creating src/Makefile
config.status:833: creating config.h
config.status:953: config.h is unchanged
config.status:1133: executing depfiles commands
